0 verbose cli /opt/homebrew/Cellar/node/25.5.0/bin/node /opt/homebrew/bin/npm
1 info using npm@11.8.0
2 info using node@v25.5.0
3 silly config load:file:/opt/homebrew/lib/node_modules/npm/npmrc
4 silly config load:file:/Users/dharmik/Desktop/Design Hub/03 Desiging a Studio/PARA/01 Projects/RXConnect/.npmrc
5 silly config load:file:/Users/dharmik/.npmrc
6 silly config load:file:/opt/homebrew/etc/npmrc
7 verbose title npm install create-vite@latest
8 verbose argv "install" "create-vite@latest" "--cache" "/Users/dharmik/Desktop/Design Hub/03 Desiging a Studio/PARA/01 Projects/RXConnect/.npm-cache"
9 verbose logfile logs-max:10 dir:/Users/dharmik/Desktop/Design Hub/03 Desiging a Studio/PARA/01 Projects/RXConnect/.npm-cache/_logs/2026-03-07T12_18_15_427Z-
10 verbose logfile /Users/dharmik/Desktop/Design Hub/03 Desiging a Studio/PARA/01 Projects/RXConnect/.npm-cache/_logs/2026-03-07T12_18_15_427Z-debug-0.log
11 silly logfile done cleaning log files
12 silly packumentCache heap:4496293888 maxSize:1124073472 maxEntrySize:562036736
13 silly packumentCache corgi:https://registry.npmjs.org/create-vite cache-miss
14 http fetch GET 200 https://registry.npmjs.org/create-vite 533ms (cache miss)
15 silly packumentCache corgi:https://registry.npmjs.org/create-vite set size:undefined disposed:false
16 silly idealTree buildDeps
17 silly fetch manifest create-vite@8.3.0
18 silly packumentCache full:https://registry.npmjs.org/create-vite cache-miss
19 http fetch GET 200 https://registry.npmjs.org/create-vite 293ms (cache miss)
20 silly packumentCache full:https://registry.npmjs.org/create-vite set size:undefined disposed:false
21 silly placeDep ROOT create-vite@8.3.0 OK for:  want: 8.3.0
22 silly reify moves {}
23 http cache create-vite@https://registry.npmjs.org/create-vite/-/create-vite-8.3.0.tgz 0ms (cache hit)
24 silly tarball no local data for create-vite@https://registry.npmjs.org/create-vite/-/create-vite-8.3.0.tgz. Extracting by manifest.
25 http fetch GET 200 https://registry.npmjs.org/create-vite/-/create-vite-8.3.0.tgz 341ms (cache miss)
26 silly ADD node_modules/create-vite
27 verbose cwd /Users/dharmik/Desktop/Design Hub/03 Desiging a Studio/PARA/01 Projects/RXConnect
28 verbose os Darwin 24.5.0
29 verbose node v25.5.0
30 verbose npm  v11.8.0
31 verbose exit 0
32 info ok
