0 verbose cli /opt/homebrew/Cellar/node/25.5.0/bin/node /opt/homebrew/bin/npm
1 info using npm@11.8.0
2 info using node@v25.5.0
3 silly config load:file:/opt/homebrew/lib/node_modules/npm/npmrc
4 silly config load:file:/Users/dharmik/Desktop/Design Hub/03 Desiging a Studio/PARA/01 Projects/RXConnect/frontend/.npmrc
5 silly config load:file:/Users/dharmik/.npmrc
6 silly config load:file:/opt/homebrew/etc/npmrc
7 verbose title npm install react-router-dom lucide-react
8 verbose argv "install" "react-router-dom" "lucide-react" "--cache" "/Users/dharmik/Desktop/Design Hub/03 Desiging a Studio/PARA/01 Projects/RXConnect/frontend/../.npm-cache"
9 verbose logfile logs-max:10 dir:/Users/dharmik/Desktop/Design Hub/03 Desiging a Studio/PARA/01 Projects/RXConnect/.npm-cache/_logs/2026-03-07T12_37_53_144Z-
10 verbose logfile /Users/dharmik/Desktop/Design Hub/03 Desiging a Studio/PARA/01 Projects/RXConnect/.npm-cache/_logs/2026-03-07T12_37_53_144Z-debug-0.log
11 silly logfile done cleaning log files
12 silly packumentCache heap:4496293888 maxSize:1124073472 maxEntrySize:562036736
13 silly idealTree buildDeps
14 silly fetch manifest react-router-dom@*
15 silly packumentCache full:https://registry.npmjs.org/react-router-dom cache-miss
16 verbose shrinkwrap failed to load node_modules/.package-lock.json out of date, updated: node_modules
17 http fetch GET 200 https://registry.npmjs.org/react-router-dom 772ms (cache miss)
18 silly packumentCache full:https://registry.npmjs.org/react-router-dom set size:undefined disposed:false
19 silly fetch manifest react@^19.2.0
20 silly packumentCache full:https://registry.npmjs.org/react cache-miss
21 http fetch GET 200 https://registry.npmjs.org/react 99ms (cache revalidated)
22 silly packumentCache full:https://registry.npmjs.org/react set size:6535664 disposed:false
23 silly fetch manifest react-dom@^19.2.0
24 silly packumentCache full:https://registry.npmjs.org/react-dom cache-miss
25 http fetch GET 200 https://registry.npmjs.org/react-dom 148ms (cache revalidated)
26 silly packumentCache full:https://registry.npmjs.org/react-dom set size:8671691 disposed:false
27 silly fetch manifest lucide-react@*
28 silly packumentCache full:https://registry.npmjs.org/lucide-react cache-miss
29 http fetch GET 200 https://registry.npmjs.org/lucide-react 244ms (cache miss)
30 silly packumentCache full:https://registry.npmjs.org/lucide-react set size:undefined disposed:false
31 silly placeDep ROOT lucide-react@0.577.0 OK for: frontend@0.0.0 want: *
32 silly placeDep ROOT react-router-dom@7.13.1 OK for: frontend@0.0.0 want: *
33 silly fetch manifest react-router@7.13.1
34 silly packumentCache full:https://registry.npmjs.org/react-router cache-miss
35 http fetch GET 200 https://registry.npmjs.org/react-router 1130ms (cache miss)
36 silly packumentCache full:https://registry.npmjs.org/react-router set size:undefined disposed:false
37 silly fetch manifest react@>=18
38 silly packumentCache full:https://registry.npmjs.org/react cache-miss
39 http cache https://registry.npmjs.org/react 8ms (cache hit)
40 silly packumentCache full:https://registry.npmjs.org/react set size:6535664 disposed:false
41 silly fetch manifest react-dom@>=18
42 silly packumentCache full:https://registry.npmjs.org/react-dom cache-miss
43 http cache https://registry.npmjs.org/react-dom 10ms (cache hit)
44 silly packumentCache full:https://registry.npmjs.org/react-dom set size:8671691 disposed:false
45 silly placeDep ROOT react-router@7.13.1 OK for: react-router-dom@7.13.1 want: 7.13.1
46 silly fetch manifest cookie@^1.0.1
47 silly packumentCache full:https://registry.npmjs.org/cookie cache-miss
48 silly fetch manifest set-cookie-parser@^2.6.0
49 silly packumentCache full:https://registry.npmjs.org/set-cookie-parser cache-miss
50 http fetch GET 200 https://registry.npmjs.org/cookie 131ms (cache miss)
51 silly packumentCache full:https://registry.npmjs.org/cookie set size:undefined disposed:false
52 http fetch GET 200 https://registry.npmjs.org/set-cookie-parser 1197ms (cache miss)
53 silly packumentCache full:https://registry.npmjs.org/set-cookie-parser set size:undefined disposed:false
54 silly placeDep ROOT cookie@1.1.1 OK for: react-router@7.13.1 want: ^1.0.1
55 silly placeDep ROOT set-cookie-parser@2.7.2 OK for: react-router@7.13.1 want: ^2.6.0
56 silly reify mark retired [
56 silly reify   '/Users/dharmik/Desktop/Design Hub/03 Desiging a Studio/PARA/01 Projects/RXConnect/frontend/node_modules/acorn'
56 silly reify ]
57 silly reify mark retired [
57 silly reify   '/Users/dharmik/Desktop/Design Hub/03 Desiging a Studio/PARA/01 Projects/RXConnect/frontend/node_modules/ajv'
57 silly reify ]
58 silly reify mark retired [
58 silly reify   '/Users/dharmik/Desktop/Design Hub/03 Desiging a Studio/PARA/01 Projects/RXConnect/frontend/node_modules/baseline-browser-mapping'
58 silly reify ]
59 silly reify mark retired [
59 silly reify   '/Users/dharmik/Desktop/Design Hub/03 Desiging a Studio/PARA/01 Projects/RXConnect/frontend/node_modules/caniuse-lite'
59 silly reify ]
60 silly reify mark retired [
60 silly reify   '/Users/dharmik/Desktop/Design Hub/03 Desiging a Studio/PARA/01 Projects/RXConnect/frontend/node_modules/escalade'
60 silly reify ]
61 silly reify mark retired [
61 silly reify   '/Users/dharmik/Desktop/Design Hub/03 Desiging a Studio/PARA/01 Projects/RXConnect/frontend/node_modules/eslint-scope'
61 silly reify ]
62 silly reify mark retired [
62 silly reify   '/Users/dharmik/Desktop/Design Hub/03 Desiging a Studio/PARA/01 Projects/RXConnect/frontend/node_modules/eslint-visitor-keys'
62 silly reify ]
63 silly reify mark retired [
63 silly reify   '/Users/dharmik/Desktop/Design Hub/03 Desiging a Studio/PARA/01 Projects/RXConnect/frontend/node_modules/espree'
63 silly reify ]
64 silly reify mark retired [
64 silly reify   '/Users/dharmik/Desktop/Design Hub/03 Desiging a Studio/PARA/01 Projects/RXConnect/frontend/node_modules/esquery'
64 silly reify ]
65 silly reify mark retired [
65 silly reify   '/Users/dharmik/Desktop/Design Hub/03 Desiging a Studio/PARA/01 Projects/RXConnect/frontend/node_modules/fdir'
65 silly reify ]
66 silly reify mark retired [
66 silly reify   '/Users/dharmik/Desktop/Design Hub/03 Desiging a Studio/PARA/01 Projects/RXConnect/frontend/node_modules/hermes-estree'
66 silly reify ]
67 silly reify mark retired [
67 silly reify   '/Users/dharmik/Desktop/Design Hub/03 Desiging a Studio/PARA/01 Projects/RXConnect/frontend/node_modules/hermes-parser'
67 silly reify ]
68 silly reify mark retired [
68 silly reify   '/Users/dharmik/Desktop/Design Hub/03 Desiging a Studio/PARA/01 Projects/RXConnect/frontend/node_modules/js-yaml'
68 silly reify ]
69 silly reify mark retired [
69 silly reify   '/Users/dharmik/Desktop/Design Hub/03 Desiging a Studio/PARA/01 Projects/RXConnect/frontend/node_modules/json5'
69 silly reify ]
70 silly reify mark retired [
70 silly reify   '/Users/dharmik/Desktop/Design Hub/03 Desiging a Studio/PARA/01 Projects/RXConnect/frontend/node_modules/rollup'
70 silly reify ]
71 silly reify mark retired [
71 silly reify   '/Users/dharmik/Desktop/Design Hub/03 Desiging a Studio/PARA/01 Projects/RXConnect/frontend/node_modules/tinyglobby'
71 silly reify ]
72 silly reify mark retired [
72 silly reify   '/Users/dharmik/Desktop/Design Hub/03 Desiging a Studio/PARA/01 Projects/RXConnect/frontend/node_modules/uri-js'
72 silly reify ]
73 silly reify mark retired [
73 silly reify   '/Users/dharmik/Desktop/Design Hub/03 Desiging a Studio/PARA/01 Projects/RXConnect/frontend/node_modules/vite'
73 silly reify ]
74 silly reify mark retired [
74 silly reify   '/Users/dharmik/Desktop/Design Hub/03 Desiging a Studio/PARA/01 Projects/RXConnect/frontend/node_modules/@eslint/core'
74 silly reify ]
75 silly reify mark retired [
75 silly reify   '/Users/dharmik/Desktop/Design Hub/03 Desiging a Studio/PARA/01 Projects/RXConnect/frontend/node_modules/@eslint/config-array'
75 silly reify ]
76 silly reify mark retired [
76 silly reify   '/Users/dharmik/Desktop/Design Hub/03 Desiging a Studio/PARA/01 Projects/RXConnect/frontend/node_modules/@eslint/config-helpers'
76 silly reify ]
77 silly reify mark retired [
77 silly reify   '/Users/dharmik/Desktop/Design Hub/03 Desiging a Studio/PARA/01 Projects/RXConnect/frontend/node_modules/@eslint/eslintrc'
77 silly reify ]
78 silly reify mark retired [
78 silly reify   '/Users/dharmik/Desktop/Design Hub/03 Desiging a Studio/PARA/01 Projects/RXConnect/frontend/node_modules/@eslint/object-schema'
78 silly reify ]
79 silly reify mark retired [
79 silly reify   '/Users/dharmik/Desktop/Design Hub/03 Desiging a Studio/PARA/01 Projects/RXConnect/frontend/node_modules/@eslint/plugin-kit'
79 silly reify ]
80 silly reify mark retired [
80 silly reify   '/Users/dharmik/Desktop/Design Hub/03 Desiging a Studio/PARA/01 Projects/RXConnect/frontend/node_modules/@humanfs/node'
80 silly reify ]
81 silly reify mark retired [
81 silly reify   '/Users/dharmik/Desktop/Design Hub/03 Desiging a Studio/PARA/01 Projects/RXConnect/frontend/node_modules/@humanfs/core'
81 silly reify ]
82 silly reify mark retired [
82 silly reify   '/Users/dharmik/Desktop/Design Hub/03 Desiging a Studio/PARA/01 Projects/RXConnect/frontend/node_modules/@humanwhocodes/retry'
82 silly reify ]
83 silly reify mark retired [
83 silly reify   '/Users/dharmik/Desktop/Design Hub/03 Desiging a Studio/PARA/01 Projects/RXConnect/frontend/node_modules/@humanwhocodes/module-importer'
83 silly reify ]
84 silly reify mark retired [
84 silly reify   '/Users/dharmik/Desktop/Design Hub/03 Desiging a Studio/PARA/01 Projects/RXConnect/frontend/node_modules/@jridgewell/resolve-uri'
84 silly reify ]
85 silly reify mark retired [
85 silly reify   '/Users/dharmik/Desktop/Design Hub/03 Desiging a Studio/PARA/01 Projects/RXConnect/frontend/node_modules/@jridgewell/sourcemap-codec'
85 silly reify ]
86 silly reify mark retired [
86 silly reify   '/Users/dharmik/Desktop/Design Hub/03 Desiging a Studio/PARA/01 Projects/RXConnect/frontend/node_modules/@rolldown/pluginutils'
86 silly reify ]
87 silly reify mark retired [
87 silly reify   '/Users/dharmik/Desktop/Design Hub/03 Desiging a Studio/PARA/01 Projects/RXConnect/frontend/node_modules/@jridgewell/gen-mapping'
87 silly reify ]
88 silly reify mark retired [
88 silly reify   '/Users/dharmik/Desktop/Design Hub/03 Desiging a Studio/PARA/01 Projects/RXConnect/frontend/node_modules/@jridgewell/trace-mapping'
88 silly reify ]
89 silly reify mark retired [
89 silly reify   '/Users/dharmik/Desktop/Design Hub/03 Desiging a Studio/PARA/01 Projects/RXConnect/frontend/node_modules/@jridgewell/remapping'
89 silly reify ]
90 silly reify mark retired [
90 silly reify   '/Users/dharmik/Desktop/Design Hub/03 Desiging a Studio/PARA/01 Projects/RXConnect/frontend/node_modules/@vitejs/plugin-react'
90 silly reify ]
91 silly reify mark retired [
91 silly reify   '/Users/dharmik/Desktop/Design Hub/03 Desiging a Studio/PARA/01 Projects/RXConnect/frontend/node_modules/browserslist',
91 silly reify   '/Users/dharmik/Desktop/Design Hub/03 Desiging a Studio/PARA/01 Projects/RXConnect/frontend/node_modules/.bin/browserslist'
91 silly reify ]
92 silly reify mark retired [
92 silly reify   '/Users/dharmik/Desktop/Design Hub/03 Desiging a Studio/PARA/01 Projects/RXConnect/frontend/node_modules/esbuild',
92 silly reify   '/Users/dharmik/Desktop/Design Hub/03 Desiging a Studio/PARA/01 Projects/RXConnect/frontend/node_modules/.bin/esbuild'
92 silly reify ]
93 silly reify mark retired [
93 silly reify   '/Users/dharmik/Desktop/Design Hub/03 Desiging a Studio/PARA/01 Projects/RXConnect/frontend/node_modules/eslint',
93 silly reify   '/Users/dharmik/Desktop/Design Hub/03 Desiging a Studio/PARA/01 Projects/RXConnect/frontend/node_modules/.bin/eslint'
93 silly reify ]
94 silly reify mark retired [
94 silly reify   '/Users/dharmik/Desktop/Design Hub/03 Desiging a Studio/PARA/01 Projects/RXConnect/frontend/node_modules/jsesc',
94 silly reify   '/Users/dharmik/Desktop/Design Hub/03 Desiging a Studio/PARA/01 Projects/RXConnect/frontend/node_modules/.bin/jsesc'
94 silly reify ]
95 silly reify mark retired [
95 silly reify   '/Users/dharmik/Desktop/Design Hub/03 Desiging a Studio/PARA/01 Projects/RXConnect/frontend/node_modules/nanoid',
95 silly reify   '/Users/dharmik/Desktop/Design Hub/03 Desiging a Studio/PARA/01 Projects/RXConnect/frontend/node_modules/.bin/nanoid'
95 silly reify ]
96 silly reify mark retired [
96 silly reify   '/Users/dharmik/Desktop/Design Hub/03 Desiging a Studio/PARA/01 Projects/RXConnect/frontend/node_modules/semver',
96 silly reify   '/Users/dharmik/Desktop/Design Hub/03 Desiging a Studio/PARA/01 Projects/RXConnect/frontend/node_modules/.bin/semver'
96 silly reify ]
97 silly reify mark retired [
97 silly reify   '/Users/dharmik/Desktop/Design Hub/03 Desiging a Studio/PARA/01 Projects/RXConnect/frontend/node_modules/which',
97 silly reify   '/Users/dharmik/Desktop/Design Hub/03 Desiging a Studio/PARA/01 Projects/RXConnect/frontend/node_modules/.bin/node-which'
97 silly reify ]
98 silly reify mark retired [
98 silly reify   '/Users/dharmik/Desktop/Design Hub/03 Desiging a Studio/PARA/01 Projects/RXConnect/frontend/node_modules/update-browserslist-db',
98 silly reify   '/Users/dharmik/Desktop/Design Hub/03 Desiging a Studio/PARA/01 Projects/RXConnect/frontend/node_modules/.bin/update-browserslist-db'
98 silly reify ]
99 silly reify mark retired [
99 silly reify   '/Users/dharmik/Desktop/Design Hub/03 Desiging a Studio/PARA/01 Projects/RXConnect/frontend/node_modules/@babel/parser',
99 silly reify   '/Users/dharmik/Desktop/Design Hub/03 Desiging a Studio/PARA/01 Projects/RXConnect/frontend/node_modules/.bin/parser'
99 silly reify ]
100 silly reify mark retired [
100 silly reify   '/Users/dharmik/Desktop/Design Hub/03 Desiging a Studio/PARA/01 Projects/RXConnect/frontend/node_modules/@eslint-community/eslint-utils/node_modules/eslint-visitor-keys'
100 silly reify ]
101 silly reify moves {
101 silly reify   '/Users/dharmik/Desktop/Design Hub/03 Desiging a Studio/PARA/01 Projects/RXConnect/frontend/node_modules/acorn': '/Users/dharmik/Desktop/Design Hub/03 Desiging a Studio/PARA/01 Projects/RXConnect/frontend/node_modules/.acorn-fwHCkGK0',
101 silly reify   '/Users/dharmik/Desktop/Design Hub/03 Desiging a Studio/PARA/01 Projects/RXConnect/frontend/node_modules/ajv': '/Users/dharmik/Desktop/Design Hub/03 Desiging a Studio/PARA/01 Projects/RXConnect/frontend/node_modules/.ajv-wVM6sHVa',
101 silly reify   '/Users/dharmik/Desktop/Design Hub/03 Desiging a Studio/PARA/01 Projects/RXConnect/frontend/node_modules/baseline-browser-mapping': '/Users/dharmik/Desktop/Design Hub/03 Desiging a Studio/PARA/01 Projects/RXConnect/frontend/node_modules/.baseline-browser-mapping-VTKvqYmY',
101 silly reify   '/Users/dharmik/Desktop/Design Hub/03 Desiging a Studio/PARA/01 Projects/RXConnect/frontend/node_modules/caniuse-lite': '/Users/dharmik/Desktop/Design Hub/03 Desiging a Studio/PARA/01 Projects/RXConnect/frontend/node_modules/.caniuse-lite-JjOmDBPH',
101 silly reify   '/Users/dharmik/Desktop/Design Hub/03 Desiging a Studio/PARA/01 Projects/RXConnect/frontend/node_modules/escalade': '/Users/dharmik/Desktop/Design Hub/03 Desiging a Studio/PARA/01 Projects/RXConnect/frontend/node_modules/.escalade-K3Kz3bvc',
101 silly reify   '/Users/dharmik/Desktop/Design Hub/03 Desiging a Studio/PARA/01 Projects/RXConnect/frontend/node_modules/eslint-scope': '/Users/dharmik/Desktop/Design Hub/03 Desiging a Studio/PARA/01 Projects/RXConnect/frontend/node_modules/.eslint-scope-aHCWPVKf',
101 silly reify   '/Users/dharmik/Desktop/Design Hub/03 Desiging a Studio/PARA/01 Projects/RXConnect/frontend/node_modules/eslint-visitor-keys': '/Users/dharmik/Desktop/Design Hub/03 Desiging a Studio/PARA/01 Projects/RXConnect/frontend/node_modules/.eslint-visitor-keys-kHtrx7aE',
101 silly reify   '/Users/dharmik/Desktop/Design Hub/03 Desiging a Studio/PARA/01 Projects/RXConnect/frontend/node_modules/espree': '/Users/dharmik/Desktop/Design Hub/03 Desiging a Studio/PARA/01 Projects/RXConnect/frontend/node_modules/.espree-tIi8NyJR',
101 silly reify   '/Users/dharmik/Desktop/Design Hub/03 Desiging a Studio/PARA/01 Projects/RXConnect/frontend/node_modules/esquery': '/Users/dharmik/Desktop/Design Hub/03 Desiging a Studio/PARA/01 Projects/RXConnect/frontend/node_modules/.esquery-vXUzIV6N',
101 silly reify   '/Users/dharmik/Desktop/Design Hub/03 Desiging a Studio/PARA/01 Projects/RXConnect/frontend/node_modules/fdir': '/Users/dharmik/Desktop/Design Hub/03 Desiging a Studio/PARA/01 Projects/RXConnect/frontend/node_modules/.fdir-PLumwe9O',
101 silly reify   '/Users/dharmik/Desktop/Design Hub/03 Desiging a Studio/PARA/01 Projects/RXConnect/frontend/node_modules/hermes-estree': '/Users/dharmik/Desktop/Design Hub/03 Desiging a Studio/PARA/01 Projects/RXConnect/frontend/node_modules/.hermes-estree-m8PibWsO',
101 silly reify   '/Users/dharmik/Desktop/Design Hub/03 Desiging a Studio/PARA/01 Projects/RXConnect/frontend/node_modules/hermes-parser': '/Users/dharmik/Desktop/Design Hub/03 Desiging a Studio/PARA/01 Projects/RXConnect/frontend/node_modules/.hermes-parser-8uxdjUsC',
101 silly reify   '/Users/dharmik/Desktop/Design Hub/03 Desiging a Studio/PARA/01 Projects/RXConnect/frontend/node_modules/js-yaml': '/Users/dharmik/Desktop/Design Hub/03 Desiging a Studio/PARA/01 Projects/RXConnect/frontend/node_modules/.js-yaml-ttbMpR9F',
101 silly reify   '/Users/dharmik/Desktop/Design Hub/03 Desiging a Studio/PARA/01 Projects/RXConnect/frontend/node_modules/json5': '/Users/dharmik/Desktop/Design Hub/03 Desiging a Studio/PARA/01 Projects/RXConnect/frontend/node_modules/.json5-fHojEeYv',
101 silly reify   '/Users/dharmik/Desktop/Design Hub/03 Desiging a Studio/PARA/01 Projects/RXConnect/frontend/node_modules/rollup': '/Users/dharmik/Desktop/Design Hub/03 Desiging a Studio/PARA/01 Projects/RXConnect/frontend/node_modules/.rollup-dDpbgxRB',
101 silly reify   '/Users/dharmik/Desktop/Design Hub/03 Desiging a Studio/PARA/01 Projects/RXConnect/frontend/node_modules/tinyglobby': '/Users/dharmik/Desktop/Design Hub/03 Desiging a Studio/PARA/01 Projects/RXConnect/frontend/node_modules/.tinyglobby-2u2UmMds',
101 silly reify   '/Users/dharmik/Desktop/Design Hub/03 Desiging a Studio/PARA/01 Projects/RXConnect/frontend/node_modules/uri-js': '/Users/dharmik/Desktop/Design Hub/03 Desiging a Studio/PARA/01 Projects/RXConnect/frontend/node_modules/.uri-js-ZICLbB7i',
101 silly reify   '/Users/dharmik/Desktop/Design Hub/03 Desiging a Studio/PARA/01 Projects/RXConnect/frontend/node_modules/vite': '/Users/dharmik/Desktop/Design Hub/03 Desiging a Studio/PARA/01 Projects/RXConnect/frontend/node_modules/.vite-DHv7cLKw',
101 silly reify   '/Users/dharmik/Desktop/Design Hub/03 Desiging a Studio/PARA/01 Projects/RXConnect/frontend/node_modules/@eslint/core': '/Users/dharmik/Desktop/Design Hub/03 Desiging a Studio/PARA/01 Projects/RXConnect/frontend/node_modules/@eslint/.core-LRpFjNHv',
101 silly reify   '/Users/dharmik/Desktop/Design Hub/03 Desiging a Studio/PARA/01 Projects/RXConnect/frontend/node_modules/@eslint/config-array': '/Users/dharmik/Desktop/Design Hub/03 Desiging a Studio/PARA/01 Projects/RXConnect/frontend/node_modules/@eslint/.config-array-yfwB11mA',
101 silly reify   '/Users/dharmik/Desktop/Design Hub/03 Desiging a Studio/PARA/01 Projects/RXConnect/frontend/node_modules/@eslint/config-helpers': '/Users/dharmik/Desktop/Design Hub/03 Desiging a Studio/PARA/01 Projects/RXConnect/frontend/node_modules/@eslint/.config-helpers-g2rlNCRA',
101 silly reify   '/Users/dharmik/Desktop/Design Hub/03 Desiging a Studio/PARA/01 Projects/RXConnect/frontend/node_modules/@eslint/eslintrc': '/Users/dharmik/Desktop/Design Hub/03 Desiging a Studio/PARA/01 Projects/RXConnect/frontend/node_modules/@eslint/.eslintrc-e2vSzAvd',
101 silly reify   '/Users/dharmik/Desktop/Design Hub/03 Desiging a Studio/PARA/01 Projects/RXConnect/frontend/node_modules/@eslint/object-schema': '/Users/dharmik/Desktop/Design Hub/03 Desiging a Studio/PARA/01 Projects/RXConnect/frontend/node_modules/@eslint/.object-schema-oXf5SMai',
101 silly reify   '/Users/dharmik/Desktop/Design Hub/03 Desiging a Studio/PARA/01 Projects/RXConnect/frontend/node_modules/@eslint/plugin-kit': '/Users/dharmik/Desktop/Design Hub/03 Desiging a Studio/PARA/01 Projects/RXConnect/frontend/node_modules/@eslint/.plugin-kit-d0PF2g9m',
101 silly reify   '/Users/dharmik/Desktop/Design Hub/03 Desiging a Studio/PARA/01 Projects/RXConnect/frontend/node_modules/@humanfs/node': '/Users/dharmik/Desktop/Design Hub/03 Desiging a Studio/PARA/01 Projects/RXConnect/frontend/node_modules/@humanfs/.node-OBFrtdqY',
101 silly reify   '/Users/dharmik/Desktop/Design Hub/03 Desiging a Studio/PARA/01 Projects/RXConnect/frontend/node_modules/@humanfs/core': '/Users/dharmik/Desktop/Design Hub/03 Desiging a Studio/PARA/01 Projects/RXConnect/frontend/node_modules/@humanfs/.core-s3N3jAlx',
101 silly reify   '/Users/dharmik/Desktop/Design Hub/03 Desiging a Studio/PARA/01 Projects/RXConnect/frontend/node_modules/@humanwhocodes/retry': '/Users/dharmik/Desktop/Design Hub/03 Desiging a Studio/PARA/01 Projects/RXConnect/frontend/node_modules/@humanwhocodes/.retry-hdf6ikYU',
101 silly reify   '/Users/dharmik/Desktop/Design Hub/03 Desiging a Studio/PARA/01 Projects/RXConnect/frontend/node_modules/@humanwhocodes/module-importer': '/Users/dharmik/Desktop/Design Hub/03 Desiging a Studio/PARA/01 Projects/RXConnect/frontend/node_modules/@humanwhocodes/.module-importer-JuOtaGE9',
101 silly reify   '/Users/dharmik/Desktop/Design Hub/03 Desiging a Studio/PARA/01 Projects/RXConnect/frontend/node_modules/@jridgewell/resolve-uri': '/Users/dharmik/Desktop/Design Hub/03 Desiging a Studio/PARA/01 Projects/RXConnect/frontend/node_modules/@jridgewell/.resolve-uri-S2ZaPYHB',
101 silly reify   '/Users/dharmik/Desktop/Design Hub/03 Desiging a Studio/PARA/01 Projects/RXConnect/frontend/node_modules/@jridgewell/sourcemap-codec': '/Users/dharmik/Desktop/Design Hub/03 Desiging a Studio/PARA/01 Projects/RXConnect/frontend/node_modules/@jridgewell/.sourcemap-codec-oaTny13G',
101 silly reify   '/Users/dharmik/Desktop/Design Hub/03 Desiging a Studio/PARA/01 Projects/RXConnect/frontend/node_modules/@rolldown/pluginutils': '/Users/dharmik/Desktop/Design Hub/03 Desiging a Studio/PARA/01 Projects/RXConnect/frontend/node_modules/@rolldown/.pluginutils-YCIrJLI1',
101 silly reify   '/Users/dharmik/Desktop/Design Hub/03 Desiging a Studio/PARA/01 Projects/RXConnect/frontend/node_modules/@jridgewell/gen-mapping': '/Users/dharmik/Desktop/Design Hub/03 Desiging a Studio/PARA/01 Projects/RXConnect/frontend/node_modules/@jridgewell/.gen-mapping-UFfupXht',
101 silly reify   '/Users/dharmik/Desktop/Design Hub/03 Desiging a Studio/PARA/01 Projects/RXConnect/frontend/node_modules/@jridgewell/trace-mapping': '/Users/dharmik/Desktop/Design Hub/03 Desiging a Studio/PARA/01 Projects/RXConnect/frontend/node_modules/@jridgewell/.trace-mapping-Wa5ulP8M',
101 silly reify   '/Users/dharmik/Desktop/Design Hub/03 Desiging a Studio/PARA/01 Projects/RXConnect/frontend/node_modules/@jridgewell/remapping': '/Users/dharmik/Desktop/Design Hub/03 Desiging a Studio/PARA/01 Projects/RXConnect/frontend/node_modules/@jridgewell/.remapping-JpEl6vUG',
101 silly reify   '/Users/dharmik/Desktop/Design Hub/03 Desiging a Studio/PARA/01 Projects/RXConnect/frontend/node_modules/@vitejs/plugin-react': '/Users/dharmik/Desktop/Design Hub/03 Desiging a Studio/PARA/01 Projects/RXConnect/frontend/node_modules/@vitejs/.plugin-react-dvYCx927',
101 silly reify   '/Users/dharmik/Desktop/Design Hub/03 Desiging a Studio/PARA/01 Projects/RXConnect/frontend/node_modules/browserslist': '/Users/dharmik/Desktop/Design Hub/03 Desiging a Studio/PARA/01 Projects/RXConnect/frontend/node_modules/.browserslist-qnIKZNgi',
101 silly reify   '/Users/dharmik/Desktop/Design Hub/03 Desiging a Studio/PARA/01 Projects/RXConnect/frontend/node_modules/.bin/browserslist': '/Users/dharmik/Desktop/Design Hub/03 Desiging a Studio/PARA/01 Projects/RXConnect/frontend/node_modules/.bin/.browserslist-M9PN9aCD',
101 silly reify   '/Users/dharmik/Desktop/Design Hub/03 Desiging a Studio/PARA/01 Projects/RXConnect/frontend/node_modules/esbuild': '/Users/dharmik/Desktop/Design Hub/03 Desiging a Studio/PARA/01 Projects/RXConnect/frontend/node_modules/.esbuild-XRfaeWGC',
101 silly reify   '/Users/dharmik/Desktop/Design Hub/03 Desiging a Studio/PARA/01 Projects/RXConnect/frontend/node_modules/.bin/esbuild': '/Users/dharmik/Desktop/Design Hub/03 Desiging a Studio/PARA/01 Projects/RXConnect/frontend/node_modules/.bin/.esbuild-XVnLIDDF',
101 silly reify   '/Users/dharmik/Desktop/Design Hub/03 Desiging a Studio/PARA/01 Projects/RXConnect/frontend/node_modules/eslint': '/Users/dharmik/Desktop/Design Hub/03 Desiging a Studio/PARA/01 Projects/RXConnect/frontend/node_modules/.eslint-IzR1Ht1J',
101 silly reify   '/Users/dharmik/Desktop/Design Hub/03 Desiging a Studio/PARA/01 Projects/RXConnect/frontend/node_modules/.bin/eslint': '/Users/dharmik/Desktop/Design Hub/03 Desiging a Studio/PARA/01 Projects/RXConnect/frontend/node_modules/.bin/.eslint-LKhzneZ9',
101 silly reify   '/Users/dharmik/Desktop/Design Hub/03 Desiging a Studio/PARA/01 Projects/RXConnect/frontend/node_modules/jsesc': '/Users/dharmik/Desktop/Design Hub/03 Desiging a Studio/PARA/01 Projects/RXConnect/frontend/node_modules/.jsesc-mFx22JWI',
101 silly reify   '/Users/dharmik/Desktop/Design Hub/03 Desiging a Studio/PARA/01 Projects/RXConnect/frontend/node_modules/.bin/jsesc': '/Users/dharmik/Desktop/Design Hub/03 Desiging a Studio/PARA/01 Projects/RXConnect/frontend/node_modules/.bin/.jsesc-PnO4USzD',
101 silly reify   '/Users/dharmik/Desktop/Design Hub/03 Desiging a Studio/PARA/01 Projects/RXConnect/frontend/node_modules/nanoid': '/Users/dharmik/Desktop/Design Hub/03 Desiging a Studio/PARA/01 Projects/RXConnect/frontend/node_modules/.nanoid-pYlj8yCW',
101 silly reify   '/Users/dharmik/Desktop/Design Hub/03 Desiging a Studio/PARA/01 Projects/RXConnect/frontend/node_modules/.bin/nanoid': '/Users/dharmik/Desktop/Design Hub/03 Desiging a Studio/PARA/01 Projects/RXConnect/frontend/node_modules/.bin/.nanoid-DPALixze',
101 silly reify   '/Users/dharmik/Desktop/Design Hub/03 Desiging a Studio/PARA/01 Projects/RXConnect/frontend/node_modules/semver': '/Users/dharmik/Desktop/Design Hub/03 Desiging a Studio/PARA/01 Projects/RXConnect/frontend/node_modules/.semver-WyuJ8wHi',
101 silly reify   '/Users/dharmik/Desktop/Design Hub/03 Desiging a Studio/PARA/01 Projects/RXConnect/frontend/node_modules/.bin/semver': '/Users/dharmik/Desktop/Design Hub/03 Desiging a Studio/PARA/01 Projects/RXConnect/frontend/node_modules/.bin/.semver-ik9I5Xyh',
101 silly reify   '/Users/dharmik/Desktop/Design Hub/03 Desiging a Studio/PARA/01 Projects/RXConnect/frontend/node_modules/which': '/Users/dharmik/Desktop/Design Hub/03 Desiging a Studio/PARA/01 Projects/RXConnect/frontend/node_modules/.which-jJnS9YQC',
101 silly reify   '/Users/dharmik/Desktop/Design Hub/03 Desiging a Studio/PARA/01 Projects/RXConnect/frontend/node_modules/.bin/node-which': '/Users/dharmik/Desktop/Design Hub/03 Desiging a Studio/PARA/01 Projects/RXConnect/frontend/node_modules/.bin/.node-which-olBBhMXz',
101 silly reify   '/Users/dharmik/Desktop/Design Hub/03 Desiging a Studio/PARA/01 Projects/RXConnect/frontend/node_modules/update-browserslist-db': '/Users/dharmik/Desktop/Design Hub/03 Desiging a Studio/PARA/01 Projects/RXConnect/frontend/node_modules/.update-browserslist-db-jpahZPiv',
101 silly reify   '/Users/dharmik/Desktop/Design Hub/03 Desiging a Studio/PARA/01 Projects/RXConnect/frontend/node_modules/.bin/update-browserslist-db': '/Users/dharmik/Desktop/Design Hub/03 Desiging a Studio/PARA/01 Projects/RXConnect/frontend/node_modules/.bin/.update-browserslist-db-drZuYmSK',
101 silly reify   '/Users/dharmik/Desktop/Design Hub/03 Desiging a Studio/PARA/01 Projects/RXConnect/frontend/node_modules/@babel/parser': '/Users/dharmik/Desktop/Design Hub/03 Desiging a Studio/PARA/01 Projects/RXConnect/frontend/node_modules/@babel/.parser-AnNVJfDv',
101 silly reify   '/Users/dharmik/Desktop/Design Hub/03 Desiging a Studio/PARA/01 Projects/RXConnect/frontend/node_modules/.bin/parser': '/Users/dharmik/Desktop/Design Hub/03 Desiging a Studio/PARA/01 Projects/RXConnect/frontend/node_modules/.bin/.parser-GOCW05cR',
101 silly reify   '/Users/dharmik/Desktop/Design Hub/03 Desiging a Studio/PARA/01 Projects/RXConnect/frontend/node_modules/@eslint-community/eslint-utils/node_modules/eslint-visitor-keys': '/Users/dharmik/Desktop/Design Hub/03 Desiging a Studio/PARA/01 Projects/RXConnect/frontend/node_modules/@eslint-community/eslint-utils/node_modules/.eslint-visitor-keys-dw8bFc3v'
101 silly reify }
102 silly audit bulk request {
102 silly audit   '@babel/code-frame': [ '7.29.0' ],
102 silly audit   '@babel/compat-data': [ '7.29.0' ],
102 silly audit   '@babel/core': [ '7.29.0' ],
102 silly audit   '@babel/generator': [ '7.29.1' ],
102 silly audit   '@babel/helper-compilation-targets': [ '7.28.6' ],
102 silly audit   '@babel/helper-globals': [ '7.28.0' ],
102 silly audit   '@babel/helper-module-imports': [ '7.28.6' ],
102 silly audit   '@babel/helper-module-transforms': [ '7.28.6' ],
102 silly audit   '@babel/helper-plugin-utils': [ '7.28.6' ],
102 silly audit   '@babel/helper-string-parser': [ '7.27.1' ],
102 silly audit   '@babel/helper-validator-identifier': [ '7.28.5' ],
102 silly audit   '@babel/helper-validator-option': [ '7.27.1' ],
102 silly audit   '@babel/helpers': [ '7.28.6' ],
102 silly audit   '@babel/parser': [ '7.29.0' ],
102 silly audit   '@babel/plugin-transform-react-jsx-self': [ '7.27.1' ],
102 silly audit   '@babel/plugin-transform-react-jsx-source': [ '7.27.1' ],
102 silly audit   '@babel/template': [ '7.28.6' ],
102 silly audit   '@babel/traverse': [ '7.29.0' ],
102 silly audit   '@babel/types': [ '7.29.0' ],
102 silly audit   '@esbuild/aix-ppc64': [ '0.27.3' ],
102 silly audit   '@esbuild/android-arm': [ '0.27.3' ],
102 silly audit   '@esbuild/android-arm64': [ '0.27.3' ],
102 silly audit   '@esbuild/android-x64': [ '0.27.3' ],
102 silly audit   '@esbuild/darwin-arm64': [ '0.27.3' ],
102 silly audit   '@esbuild/darwin-x64': [ '0.27.3' ],
102 silly audit   '@esbuild/freebsd-arm64': [ '0.27.3' ],
102 silly audit   '@esbuild/freebsd-x64': [ '0.27.3' ],
102 silly audit   '@esbuild/linux-arm': [ '0.27.3' ],
102 silly audit   '@esbuild/linux-arm64': [ '0.27.3' ],
102 silly audit   '@esbuild/linux-ia32': [ '0.27.3' ],
102 silly audit   '@esbuild/linux-loong64': [ '0.27.3' ],
102 silly audit   '@esbuild/linux-mips64el': [ '0.27.3' ],
102 silly audit   '@esbuild/linux-ppc64': [ '0.27.3' ],
102 silly audit   '@esbuild/linux-riscv64': [ '0.27.3' ],
102 silly audit   '@esbuild/linux-s390x': [ '0.27.3' ],
102 silly audit   '@esbuild/linux-x64': [ '0.27.3' ],
102 silly audit   '@esbuild/netbsd-arm64': [ '0.27.3' ],
102 silly audit   '@esbuild/netbsd-x64': [ '0.27.3' ],
102 silly audit   '@esbuild/openbsd-arm64': [ '0.27.3' ],
102 silly audit   '@esbuild/openbsd-x64': [ '0.27.3' ],
102 silly audit   '@esbuild/openharmony-arm64': [ '0.27.3' ],
102 silly audit   '@esbuild/sunos-x64': [ '0.27.3' ],
102 silly audit   '@esbuild/win32-arm64': [ '0.27.3' ],
102 silly audit   '@esbuild/win32-ia32': [ '0.27.3' ],
102 silly audit   '@esbuild/win32-x64': [ '0.27.3' ],
102 silly audit   '@eslint-community/eslint-utils': [ '4.9.1' ],
102 silly audit   'eslint-visitor-keys': [ '3.4.3', '4.2.1' ],
102 silly audit   '@eslint-community/regexpp': [ '4.12.2' ],
102 silly audit   '@eslint/config-array': [ '0.21.2' ],
102 silly audit   '@eslint/config-helpers': [ '0.4.2' ],
102 silly audit   '@eslint/core': [ '0.17.0' ],
102 silly audit   '@eslint/eslintrc': [ '3.3.5' ],
102 silly audit   globals: [ '14.0.0', '16.5.0' ],
102 silly audit   '@eslint/js': [ '9.39.4' ],
102 silly audit   '@eslint/object-schema': [ '2.1.7' ],
102 silly audit   '@eslint/plugin-kit': [ '0.4.1' ],
102 silly audit   '@humanfs/core': [ '0.19.1' ],
102 silly audit   '@humanfs/node': [ '0.16.7' ],
102 silly audit   '@humanwhocodes/module-importer': [ '1.0.1' ],
102 silly audit   '@humanwhocodes/retry': [ '0.4.3' ],
102 silly audit   '@jridgewell/gen-mapping': [ '0.3.13' ],
102 silly audit   '@jridgewell/remapping': [ '2.3.5' ],
102 silly audit   '@jridgewell/resolve-uri': [ '3.1.2' ],
102 silly audit   '@jridgewell/sourcemap-codec': [ '1.5.5' ],
102 silly audit   '@jridgewell/trace-mapping': [ '0.3.31' ],
102 silly audit   '@rolldown/pluginutils': [ '1.0.0-rc.3' ],
102 silly audit   '@rollup/rollup-android-arm-eabi': [ '4.59.0' ],
102 silly audit   '@rollup/rollup-android-arm64': [ '4.59.0' ],
102 silly audit   '@rollup/rollup-darwin-arm64': [ '4.59.0' ],
102 silly audit   '@rollup/rollup-darwin-x64': [ '4.59.0' ],
102 silly audit   '@rollup/rollup-freebsd-arm64': [ '4.59.0' ],
102 silly audit   '@rollup/rollup-freebsd-x64': [ '4.59.0' ],
102 silly audit   '@rollup/rollup-linux-arm-gnueabihf': [ '4.59.0' ],
102 silly audit   '@rollup/rollup-linux-arm-musleabihf': [ '4.59.0' ],
102 silly audit   '@rollup/rollup-linux-arm64-gnu': [ '4.59.0' ],
102 silly audit   '@rollup/rollup-linux-arm64-musl': [ '4.59.0' ],
102 silly audit   '@rollup/rollup-linux-loong64-gnu': [ '4.59.0' ],
102 silly audit   '@rollup/rollup-linux-loong64-musl': [ '4.59.0' ],
102 silly audit   '@rollup/rollup-linux-ppc64-gnu': [ '4.59.0' ],
102 silly audit   '@rollup/rollup-linux-ppc64-musl': [ '4.59.0' ],
102 silly audit   '@rollup/rollup-linux-riscv64-gnu': [ '4.59.0' ],
102 silly audit   '@rollup/rollup-linux-riscv64-musl': [ '4.59.0' ],
102 silly audit   '@rollup/rollup-linux-s390x-gnu': [ '4.59.0' ],
102 silly audit   '@rollup/rollup-linux-x64-gnu': [ '4.59.0' ],
102 silly audit   '@rollup/rollup-linux-x64-musl': [ '4.59.0' ],
102 silly audit   '@rollup/rollup-openbsd-x64': [ '4.59.0' ],
102 silly audit   '@rollup/rollup-openharmony-arm64': [ '4.59.0' ],
102 silly audit   '@rollup/rollup-win32-arm64-msvc': [ '4.59.0' ],
102 silly audit   '@rollup/rollup-win32-ia32-msvc': [ '4.59.0' ],
102 silly audit   '@rollup/rollup-win32-x64-gnu': [ '4.59.0' ],
102 silly audit   '@rollup/rollup-win32-x64-msvc': [ '4.59.0' ],
102 silly audit   '@types/babel__core': [ '7.20.5' ],
102 silly audit   '@types/babel__generator': [ '7.27.0' ],
102 silly audit   '@types/babel__template': [ '7.4.4' ],
102 silly audit   '@types/babel__traverse': [ '7.28.0' ],
102 silly audit   '@types/estree': [ '1.0.8' ],
102 silly audit   '@types/json-schema': [ '7.0.15' ],
102 silly audit   '@types/react': [ '19.2.14' ],
102 silly audit   '@types/react-dom': [ '19.2.3' ],
102 silly audit   '@vitejs/plugin-react': [ '5.1.4' ],
102 silly audit   acorn: [ '8.16.0' ],
102 silly audit   'acorn-jsx': [ '5.3.2' ],
102 silly audit   ajv: [ '6.14.0' ],
102 silly audit   'ansi-styles': [ '4.3.0' ],
102 silly audit   argparse: [ '2.0.1' ],
102 silly audit   'balanced-match': [ '1.0.2' ],
102 silly audit   'baseline-browser-mapping': [ '2.10.0' ],
102 silly audit   'brace-expansion': [ '1.1.12' ],
102 silly audit   browserslist: [ '4.28.1' ],
102 silly audit   callsites: [ '3.1.0' ],
102 silly audit   'caniuse-lite': [ '1.0.30001777' ],
102 silly audit   chalk: [ '4.1.2' ],
102 silly audit   'color-convert': [ '2.0.1' ],
102 silly audit   'color-name': [ '1.1.4' ],
102 silly audit   'concat-map': [ '0.0.1' ],
102 silly audit   'convert-source-map': [ '2.0.0' ],
102 silly audit   'cross-spawn': [ '7.0.6' ],
102 silly audit   csstype: [ '3.2.3' ],
102 silly audit   debug: [ '4.4.3' ],
102 silly audit   'deep-is': [ '0.1.4' ],
102 silly audit   'electron-to-chromium': [ '1.5.307' ],
102 silly audit   esbuild: [ '0.27.3' ],
102 silly audit   escalade: [ '3.2.0' ],
102 silly audit   'escape-string-regexp': [ '4.0.0' ],
102 silly audit   eslint: [ '9.39.4' ],
102 silly audit   'eslint-plugin-react-hooks': [ '7.0.1' ],
102 silly audit   'eslint-plugin-react-refresh': [ '0.4.26' ],
102 silly audit   'eslint-scope': [ '8.4.0' ],
102 silly audit   espree: [ '10.4.0' ],
102 silly audit   esquery: [ '1.7.0' ],
102 silly audit   esrecurse: [ '4.3.0' ],
102 silly audit   estraverse: [ '5.3.0' ],
102 silly audit   esutils: [ '2.0.3' ],
102 silly audit   'fast-deep-equal': [ '3.1.3' ],
102 silly audit   'fast-json-stable-stringify': [ '2.1.0' ],
102 silly audit   'fast-levenshtein': [ '2.0.6' ],
102 silly audit   fdir: [ '6.5.0' ],
102 silly audit   'file-entry-cache': [ '8.0.0' ],
102 silly audit   'find-up': [ '5.0.0' ],
102 silly audit   'flat-cache': [ '4.0.1' ],
102 silly audit   flatted: [ '3.3.4' ],
102 silly audit   fsevents: [ '2.3.3' ],
102 silly audit   gensync: [ '1.0.0-beta.2' ],
102 silly audit   'glob-parent': [ '6.0.2' ],
102 silly audit   'has-flag': [ '4.0.0' ],
102 silly audit   'hermes-estree': [ '0.25.1' ],
102 silly audit   'hermes-parser': [ '0.25.1' ],
102 silly audit   ignore: [ '5.3.2' ],
102 silly audit   'import-fresh': [ '3.3.1' ],
102 silly audit   imurmurhash: [ '0.1.4' ],
102 silly audit   'is-extglob': [ '2.1.1' ],
102 silly audit   'is-glob': [ '4.0.3' ],
102 silly audit   isexe: [ '2.0.0' ],
102 silly audit   'js-tokens': [ '4.0.0' ],
102 silly audit   'js-yaml': [ '4.1.1' ],
102 silly audit   jsesc: [ '3.1.0' ],
102 silly audit   'json-buffer': [ '3.0.1' ],
102 silly audit   'json-schema-traverse': [ '0.4.1' ],
102 silly audit   'json-stable-stringify-without-jsonify': [ '1.0.1' ],
102 silly audit   json5: [ '2.2.3' ],
102 silly audit   keyv: [ '4.5.4' ],
102 silly audit   levn: [ '0.4.1' ],
102 silly audit   'locate-path': [ '6.0.0' ],
102 silly audit   'lodash.merge': [ '4.6.2' ],
102 silly audit   'lru-cache': [ '5.1.1' ],
102 silly audit   minimatch: [ '3.1.5' ],
102 silly audit   ms: [ '2.1.3' ],
102 silly audit   nanoid: [ '3.3.11' ],
102 silly audit   'natural-compare': [ '1.4.0' ],
102 silly audit   'node-releases': [ '2.0.36' ],
102 silly audit   optionator: [ '0.9.4' ],
102 silly audit   'p-limit': [ '3.1.0' ],
102 silly audit   'p-locate': [ '5.0.0' ],
102 silly audit   'parent-module': [ '1.0.1' ],
102 silly audit   'path-exists': [ '4.0.0' ],
102 silly audit   'path-key': [ '3.1.1' ],
102 silly audit   picocolors: [ '1.1.1' ],
102 silly audit   picomatch: [ '4.0.3' ],
102 silly audit   postcss: [ '8.5.8' ],
102 silly audit   'prelude-ls': [ '1.2.1' ],
102 silly audit   punycode: [ '2.3.1' ],
102 silly audit   react: [ '19.2.4' ],
102 silly audit   'react-dom': [ '19.2.4' ],
102 silly audit   'react-refresh': [ '0.18.0' ],
102 silly audit   'resolve-from': [ '4.0.0' ],
102 silly audit   rollup: [ '4.59.0' ],
102 silly audit   scheduler: [ '0.27.0' ],
102 silly audit   semver: [ '6.3.1' ],
102 silly audit   'shebang-command': [ '2.0.0' ],
102 silly audit   'shebang-regex': [ '3.0.0' ],
102 silly audit   'source-map-js': [ '1.2.1' ],
102 silly audit   'strip-json-comments': [ '3.1.1' ],
102 silly audit   'supports-color': [ '7.2.0' ],
102 silly audit   tinyglobby: [ '0.2.15' ],
102 silly audit   'type-check': [ '0.4.0' ],
102 silly audit   'update-browserslist-db': [ '1.2.3' ],
102 silly audit   'uri-js': [ '4.4.1' ],
102 silly audit   vite: [ '7.3.1' ],
102 silly audit   which: [ '2.0.2' ],
102 silly audit   'word-wrap': [ '1.2.5' ],
102 silly audit   yallist: [ '3.1.1' ],
102 silly audit   'yocto-queue': [ '0.1.0' ],
102 silly audit   zod: [ '4.3.6' ],
102 silly audit   'zod-validation-error': [ '4.0.2' ],
102 silly audit   'lucide-react': [ '0.577.0' ],
102 silly audit   'react-router-dom': [ '7.13.1' ],
102 silly audit   'react-router': [ '7.13.1' ],
102 silly audit   cookie: [ '1.1.1' ],
102 silly audit   'set-cookie-parser': [ '2.7.2' ]
102 silly audit }
103 http cache cookie@https://registry.npmjs.org/cookie/-/cookie-1.1.1.tgz 0ms (cache hit)
104 http cache react-router@https://registry.npmjs.org/react-router/-/react-router-7.13.1.tgz 0ms (cache hit)
105 http cache react-router-dom@https://registry.npmjs.org/react-router-dom/-/react-router-dom-7.13.1.tgz 0ms (cache hit)
106 http cache lucide-react@https://registry.npmjs.org/lucide-react/-/lucide-react-0.577.0.tgz 0ms (cache hit)
107 http cache fsevents@https://registry.npmjs.org/fsevents/-/fsevents-2.3.3.tgz 0ms (cache hit)
108 http cache @babel/parser@https://registry.npmjs.org/@babel/parser/-/parser-7.29.0.tgz 0ms (cache hit)
109 http cache update-browserslist-db@https://registry.npmjs.org/update-browserslist-db/-/update-browserslist-db-1.2.3.tgz 0ms (cache hit)
110 http cache set-cookie-parser@https://registry.npmjs.org/set-cookie-parser/-/set-cookie-parser-2.7.2.tgz 0ms (cache hit)
111 http cache semver@https://registry.npmjs.org/semver/-/semver-6.3.1.tgz 0ms (cache hit)
112 http cache jsesc@https://registry.npmjs.org/jsesc/-/jsesc-3.1.0.tgz 0ms (cache hit)
113 http cache which@https://registry.npmjs.org/which/-/which-2.0.2.tgz 0ms (cache hit)
114 http cache nanoid@https://registry.npmjs.org/nanoid/-/nanoid-3.3.11.tgz 0ms (cache hit)
115 http cache browserslist@https://registry.npmjs.org/browserslist/-/browserslist-4.28.1.tgz 0ms (cache hit)
116 http cache eslint@https://registry.npmjs.org/eslint/-/eslint-9.39.4.tgz 0ms (cache hit)
117 http cache @vitejs/plugin-react@https://registry.npmjs.org/@vitejs/plugin-react/-/plugin-react-5.1.4.tgz 0ms (cache hit)
118 http cache esbuild@https://registry.npmjs.org/esbuild/-/esbuild-0.27.3.tgz 0ms (cache hit)
119 http cache @rolldown/pluginutils@https://registry.npmjs.org/@rolldown/pluginutils/-/pluginutils-1.0.0-rc.3.tgz 0ms (cache hit)
120 http cache @jridgewell/trace-mapping@https://registry.npmjs.org/@jridgewell/trace-mapping/-/trace-mapping-0.3.31.tgz 0ms (cache hit)
121 http cache @jridgewell/remapping@https://registry.npmjs.org/@jridgewell/remapping/-/remapping-2.3.5.tgz 0ms (cache hit)
122 http cache @jridgewell/gen-mapping@https://registry.npmjs.org/@jridgewell/gen-mapping/-/gen-mapping-0.3.13.tgz 0ms (cache hit)
123 http cache @humanwhocodes/module-importer@https://registry.npmjs.org/@humanwhocodes/module-importer/-/module-importer-1.0.1.tgz 0ms (cache hit)
124 http cache @humanwhocodes/retry@https://registry.npmjs.org/@humanwhocodes/retry/-/retry-0.4.3.tgz 0ms (cache hit)
125 http cache @jridgewell/sourcemap-codec@https://registry.npmjs.org/@jridgewell/sourcemap-codec/-/sourcemap-codec-1.5.5.tgz 0ms (cache hit)
126 http cache @humanfs/core@https://registry.npmjs.org/@humanfs/core/-/core-0.19.1.tgz 0ms (cache hit)
127 http cache @jridgewell/resolve-uri@https://registry.npmjs.org/@jridgewell/resolve-uri/-/resolve-uri-3.1.2.tgz 0ms (cache hit)
128 http cache @humanfs/node@https://registry.npmjs.org/@humanfs/node/-/node-0.16.7.tgz 0ms (cache hit)
129 http cache @eslint/eslintrc@https://registry.npmjs.org/@eslint/eslintrc/-/eslintrc-3.3.5.tgz 0ms (cache hit)
130 http cache @eslint/config-helpers@https://registry.npmjs.org/@eslint/config-helpers/-/config-helpers-0.4.2.tgz 0ms (cache hit)
131 http cache @eslint/config-array@https://registry.npmjs.org/@eslint/config-array/-/config-array-0.21.2.tgz 0ms (cache hit)
132 http cache @eslint/core@https://registry.npmjs.org/@eslint/core/-/core-0.17.0.tgz 0ms (cache hit)
133 http cache vite@https://registry.npmjs.org/vite/-/vite-7.3.1.tgz 0ms (cache hit)
134 http cache tinyglobby@https://registry.npmjs.org/tinyglobby/-/tinyglobby-0.2.15.tgz 0ms (cache hit)
135 http cache @eslint/plugin-kit@https://registry.npmjs.org/@eslint/plugin-kit/-/plugin-kit-0.4.1.tgz 0ms (cache hit)
136 http cache @eslint/object-schema@https://registry.npmjs.org/@eslint/object-schema/-/object-schema-2.1.7.tgz 0ms (cache hit)
137 http cache uri-js@https://registry.npmjs.org/uri-js/-/uri-js-4.4.1.tgz 0ms (cache hit)
138 http cache rollup@https://registry.npmjs.org/rollup/-/rollup-4.59.0.tgz 0ms (cache hit)
139 http cache json5@https://registry.npmjs.org/json5/-/json5-2.2.3.tgz 0ms (cache hit)
140 http cache hermes-parser@https://registry.npmjs.org/hermes-parser/-/hermes-parser-0.25.1.tgz 0ms (cache hit)
141 http cache hermes-estree@https://registry.npmjs.org/hermes-estree/-/hermes-estree-0.25.1.tgz 0ms (cache hit)
142 http cache js-yaml@https://registry.npmjs.org/js-yaml/-/js-yaml-4.1.1.tgz 0ms (cache hit)
143 http cache fdir@https://registry.npmjs.org/fdir/-/fdir-6.5.0.tgz 0ms (cache hit)
144 http cache esquery@https://registry.npmjs.org/esquery/-/esquery-1.7.0.tgz 0ms (cache hit)
145 http cache espree@https://registry.npmjs.org/espree/-/espree-10.4.0.tgz 0ms (cache hit)
146 http cache eslint-scope@https://registry.npmjs.org/eslint-scope/-/eslint-scope-8.4.0.tgz 0ms (cache hit)
147 http cache eslint-visitor-keys@https://registry.npmjs.org/eslint-visitor-keys/-/eslint-visitor-keys-4.2.1.tgz 0ms (cache hit)
148 http cache baseline-browser-mapping@https://registry.npmjs.org/baseline-browser-mapping/-/baseline-browser-mapping-2.10.0.tgz 0ms (cache hit)
149 http cache acorn@https://registry.npmjs.org/acorn/-/acorn-8.16.0.tgz 0ms (cache hit)
150 http cache escalade@https://registry.npmjs.org/escalade/-/escalade-3.2.0.tgz 0ms (cache hit)
151 http cache eslint-visitor-keys@https://registry.npmjs.org/eslint-visitor-keys/-/eslint-visitor-keys-3.4.3.tgz 0ms (cache hit)
152 http cache caniuse-lite@https://registry.npmjs.org/caniuse-lite/-/caniuse-lite-1.0.30001777.tgz 0ms (cache hit)
153 http cache ajv@https://registry.npmjs.org/ajv/-/ajv-6.14.0.tgz 0ms (cache hit)
154 silly tarball no local data for cookie@https://registry.npmjs.org/cookie/-/cookie-1.1.1.tgz. Extracting by manifest.
155 silly tarball no local data for react-router@https://registry.npmjs.org/react-router/-/react-router-7.13.1.tgz. Extracting by manifest.
156 silly tarball no local data for react-router-dom@https://registry.npmjs.org/react-router-dom/-/react-router-dom-7.13.1.tgz. Extracting by manifest.
157 silly tarball no local data for lucide-react@https://registry.npmjs.org/lucide-react/-/lucide-react-0.577.0.tgz. Extracting by manifest.
158 silly tarball no local data for set-cookie-parser@https://registry.npmjs.org/set-cookie-parser/-/set-cookie-parser-2.7.2.tgz. Extracting by manifest.
159 http fetch GET 200 https://registry.npmjs.org/cookie/-/cookie-1.1.1.tgz 1516ms (cache miss)
160 http fetch POST 200 https://registry.npmjs.org/-/npm/v1/security/advisories/bulk 1724ms
161 silly audit report {}
162 http fetch GET 200 https://registry.npmjs.org/set-cookie-parser/-/set-cookie-parser-2.7.2.tgz 2373ms (cache miss)
163 http fetch GET 200 https://registry.npmjs.org/react-router-dom/-/react-router-dom-7.13.1.tgz 2373ms (cache miss)
164 http fetch GET 200 https://registry.npmjs.org/react-router/-/react-router-7.13.1.tgz 2943ms (cache miss)
165 http fetch GET 200 https://registry.npmjs.org/lucide-react/-/lucide-react-0.577.0.tgz 4136ms (cache miss)
166 info run esbuild@0.27.3 postinstall node_modules/esbuild node install.js
167 info run esbuild@0.27.3 postinstall { code: 0, signal: null }
168 silly ADD node_modules/set-cookie-parser
169 silly ADD node_modules/cookie
170 silly ADD node_modules/react-router
171 silly ADD node_modules/react-router-dom
172 silly ADD node_modules/lucide-react
173 silly ADD node_modules/fsevents
174 silly CHANGE node_modules/@eslint-community/eslint-utils/node_modules/eslint-visitor-keys
175 silly CHANGE node_modules/@babel/parser
176 silly CHANGE node_modules/update-browserslist-db
177 silly CHANGE node_modules/which
178 silly CHANGE node_modules/semver
179 silly CHANGE node_modules/nanoid
180 silly CHANGE node_modules/jsesc
181 silly CHANGE node_modules/eslint
182 silly CHANGE node_modules/esbuild
183 silly CHANGE node_modules/browserslist
184 silly CHANGE node_modules/@vitejs/plugin-react
185 silly CHANGE node_modules/@jridgewell/remapping
186 silly CHANGE node_modules/@jridgewell/trace-mapping
187 silly CHANGE node_modules/@jridgewell/gen-mapping
188 silly CHANGE node_modules/@rolldown/pluginutils
189 silly CHANGE node_modules/@jridgewell/sourcemap-codec
190 silly CHANGE node_modules/@jridgewell/resolve-uri
191 silly CHANGE node_modules/@humanwhocodes/module-importer
192 silly CHANGE node_modules/@humanwhocodes/retry
193 silly CHANGE node_modules/@humanfs/core
194 silly CHANGE node_modules/@humanfs/node
195 silly CHANGE node_modules/@eslint/plugin-kit
196 silly CHANGE node_modules/@eslint/object-schema
197 silly CHANGE node_modules/@eslint/eslintrc
198 silly CHANGE node_modules/@eslint/config-helpers
199 silly CHANGE node_modules/@eslint/config-array
200 silly CHANGE node_modules/@eslint/core
201 silly CHANGE node_modules/vite
202 silly CHANGE node_modules/uri-js
203 silly CHANGE node_modules/tinyglobby
204 silly CHANGE node_modules/rollup
205 silly CHANGE node_modules/json5
206 silly CHANGE node_modules/js-yaml
207 silly CHANGE node_modules/hermes-parser
208 silly CHANGE node_modules/hermes-estree
209 silly CHANGE node_modules/fdir
210 silly CHANGE node_modules/esquery
211 silly CHANGE node_modules/espree
212 silly CHANGE node_modules/eslint-visitor-keys
213 silly CHANGE node_modules/eslint-scope
214 silly CHANGE node_modules/escalade
215 silly CHANGE node_modules/caniuse-lite
216 silly CHANGE node_modules/baseline-browser-mapping
217 silly CHANGE node_modules/ajv
218 silly CHANGE node_modules/acorn
219 verbose cwd /Users/dharmik/Desktop/Design Hub/03 Desiging a Studio/PARA/01 Projects/RXConnect/frontend
220 verbose os Darwin 24.5.0
221 verbose node v25.5.0
222 verbose npm  v11.8.0
223 verbose exit 0
224 info ok
